<?xml version="1.0" encoding="UTF-8"?>
<!-- Generated by org.testng.reporters.JUnitReportReporter -->
<testsuite hostname="DESKTOP-CS5CGAU" failures="0" tests="2" name="Screenshots.ScreenshotResolutions" time="1496.649" errors="0" timestamp="2024-08-11T13:41:45 IST" skipped="0">
  <testcase classname="Screenshots.ScreenshotResolutions" name="screenShot" time="698.475"/>
  <system-out/>
  <testcase classname="Screenshots.ScreenshotResolutions" name="screenShot" time="798.174"/>
  <system-out/>
</testsuite> <!-- Screenshots.ScreenshotResolutions -->
