<?xml version="1.0" encoding="UTF-8"?>
<!-- Generated by org.testng.reporters.JUnitReportReporter -->
<testsuite hostname="DESKTOP-CS5CGAU" failures="0" tests="1" name="FunctionalTesting.FunctionalTestCase" time="17.353" errors="0" timestamp="2024-08-11T13:10:55 IST" skipped="0">
  <testcase classname="FunctionalTesting.FunctionalTestCase" name="f" time="17.353"/>
  <system-out/>
</testsuite> <!-- FunctionalTesting.FunctionalTestCase -->
